<?xml version="1.0" encoding="utf-8"?>
<TestRun id="eeb6d16e-5c83-4d9e-bda3-4fbb5d581c49" name="kamnetanker@DESKTOP-434H76J 2022-12-18 01:12:02" runUser="DESKTOP-434H76J\kamnetanker" xmlns="http://microsoft.com/schemas/VisualStudio/TeamTest/2010">
  <Times creation="2022-12-18T01:12:02.4888404+03:00" queuing="2022-12-18T01:12:02.4888407+03:00" start="2022-12-18T01:12:01.5179713+03:00" finish="2022-12-18T01:12:02.4980396+03:00" />
  <TestSettings name="default" id="ef66c15f-1bfb-4330-be69-d4674efef5d6">
    <Deployment runDeploymentRoot="kamnetanker_DESKTOP-434H76J_2022-12-18_01_12_02" />
  </TestSettings>
  <Results>
    <UnitTestResult executionId="07c5f676-19c4-42c9-a5c2-a96cdc51fcd2" testId="7d702ed1-47a0-4a4c-a299-e65aa4f7ea88" testName="TestMethod1" computerName="DESKTOP-434H76J" duration="00:00:00.0048904" startTime="2022-12-18T01:12:02.2672595+03:00" endTime="2022-12-18T01:12:02.2931054+03:00" testType="13cdc9d9-ddb5-4fa4-a97d-d965ccfc6d4b" outcome="Passed" testListId="8c84fa94-04c1-424b-9868-57a2d4851a1d" relativeResultsDirectory="07c5f676-19c4-42c9-a5c2-a96cdc51fcd2" />
  </Results>
  <TestDefinitions>
    <UnitTest name="TestMethod1" storage="d:\vika_\magistry\3sem\mitrich\friendly-rotary-phone\lab78\tests\bin\debug\net6.0\tests.dll" id="7d702ed1-47a0-4a4c-a299-e65aa4f7ea88">
      <Execution id="07c5f676-19c4-42c9-a5c2-a96cdc51fcd2" />
      <TestMethod codeBase="D:\vika_\Magistry\3sem\mitrich\friendly-rotary-phone\lab78\tests\bin\Debug\net6.0\tests.dll" adapterTypeName="executor://mstestadapter/v2" className="tests.UnitTest1" name="TestMethod1" />
    </UnitTest>
  </TestDefinitions>
  <TestEntries>
    <TestEntry testId="7d702ed1-47a0-4a4c-a299-e65aa4f7ea88" executionId="07c5f676-19c4-42c9-a5c2-a96cdc51fcd2" testListId="8c84fa94-04c1-424b-9868-57a2d4851a1d" />
  </TestEntries>
  <TestLists>
    <TestList name="Список результатов" id="8c84fa94-04c1-424b-9868-57a2d4851a1d" />
    <TestList name="Все загруженные результаты" id="19431567-8539-422a-85d7-44ee4e166bda" />
  </TestLists>
  <ResultSummary outcome="Completed">
    <Counters total="1" executed="1" passed="1" failed="0" error="0" timeout="0" aborted="0" inconclusive="0" passedButRunAborted="0" notRunnable="0" notExecuted="0" disconnected="0" warning="0" completed="0" inProgress="0" pending="0" />
  </ResultSummary>
</TestRun>